<?xml version="1.0" encoding="UTF-8"?>
<coverage generated="1573810506592" clover="3.2.0">
  <project timestamp="1573810506592" name="All files">
    <metrics statements="19" coveredstatements="17" conditionals="12" coveredconditionals="8" methods="8" coveredmethods="5" elements="39" coveredelements="30" complexity="0" loc="19" ncloc="19" packages="3" files="3" classes="3"/>
    <package name="components">
      <metrics statements="8" coveredstatements="7" conditionals="12" coveredconditionals="8" methods="6" coveredmethods="4"/>
      <file name="MainButton.js" path="C:\sahil-git\ToDoList-ReactNative\components\MainButton.js">
        <metrics statements="8" coveredstatements="7" conditionals="12" coveredconditionals="8" methods="6" coveredmethods="4"/>
        <line num="1" count="2" type="stmt"/>
        <line num="2" count="2" type="stmt"/>
        <line num="3" count="3" type="cond" truecount="7" falsecount="3"/>
        <line num="6" count="1" type="stmt"/>
        <line num="8" count="1" type="cond" truecount="1" falsecount="1"/>
        <line num="9" count="0" type="stmt"/>
        <line num="12" count="1" type="stmt"/>
        <line num="23" count="2" type="stmt"/>
      </file>
    </package>
    <package name="constants">
      <metrics statements="2" coveredstatements="2" conditionals="0" coveredconditionals="0" methods="0" coveredmethods="0"/>
      <file name="Colors.js" path="C:\sahil-git\ToDoList-ReactNative\constants\Colors.js">
        <metrics statements="2" coveredstatements="2" conditionals="0" coveredconditionals="0" methods="0" coveredmethods="0"/>
        <line num="1" count="2" type="stmt"/>
        <line num="2" count="2" type="stmt"/>
      </file>
    </package>
    <package name="screens">
      <metrics statements="9" coveredstatements="8" conditionals="0" coveredconditionals="0" methods="2" coveredmethods="1"/>
      <file name="WelcomeScreen.js" path="C:\sahil-git\ToDoList-ReactNative\screens\WelcomeScreen.js">
        <metrics statements="9" coveredstatements="8" conditionals="0" coveredconditionals="0" methods="2" coveredmethods="1"/>
        <line num="1" count="1" type="stmt"/>
        <line num="2" count="1" type="stmt"/>
        <line num="3" count="1" type="stmt"/>
        <line num="5" count="1" type="stmt"/>
        <line num="6" count="1" type="stmt"/>
        <line num="7" count="0" type="stmt"/>
        <line num="10" count="1" type="stmt"/>
        <line num="22" count="1" type="stmt"/>
        <line num="46" count="1" type="stmt"/>
      </file>
    </package>
  </project>
</coverage>
