{"C:\\sahil-git\\react-native-cli\\AwesomeProject\\components\\MainButton.js": {"path":"C:\\sahil-git\\react-native-cli\\AwesomeProject\\components\\MainButton.js","statementMap":{"0":{"start":{"line":1,"column":42},"end":{"line":1,"column":97}},"1":{"start":{"line":1,"column":98},"end":{"line":1,"column":160}},"2":{"start":{"line":1,"column":160},"end":{"line":1,"column":189}},"3":{"start":{"line":1,"column":212},"end":{"line":1,"column":284}},"4":{"start":{"line":1,"column":298},"end":{"line":1,"column":338}},"5":{"start":{"line":2,"column":19},"end":{"line":2,"column":42}},"6":{"start":{"line":3,"column":14},"end":{"line":3,"column":68}},"7":{"start":{"line":3,"column":88},"end":{"line":3,"column":164}},"8":{"start":{"line":3,"column":218},"end":{"line":3,"column":237}},"9":{"start":{"line":3,"column":238},"end":{"line":3,"column":483}},"10":{"start":{"line":3,"column":287},"end":{"line":3,"column":323}},"11":{"start":{"line":3,"column":324},"end":{"line":3,"column":451}},"12":{"start":{"line":3,"column":344},"end":{"line":3,"column":451}},"13":{"start":{"line":3,"column":385},"end":{"line":3,"column":448}},"14":{"start":{"line":3,"column":451},"end":{"line":3,"column":482}},"15":{"start":{"line":3,"column":483},"end":{"line":3,"column":495}},"16":{"start":{"line":3,"column":528},"end":{"line":3,"column":997}},"17":{"start":{"line":3,"column":541},"end":{"line":3,"column":542}},"18":{"start":{"line":3,"column":585},"end":{"line":3,"column":625}},"19":{"start":{"line":3,"column":626},"end":{"line":3,"column":996}},"20":{"start":{"line":3,"column":638},"end":{"line":3,"column":743}},"21":{"start":{"line":3,"column":684},"end":{"line":3,"column":740}},"22":{"start":{"line":3,"column":750},"end":{"line":3,"column":996}},"23":{"start":{"line":3,"column":789},"end":{"line":3,"column":863}},"24":{"start":{"line":3,"column":871},"end":{"line":3,"column":995}},"25":{"start":{"line":3,"column":911},"end":{"line":3,"column":992}},"26":{"start":{"line":3,"column":997},"end":{"line":3,"column":1011}},"27":{"start":{"line":6,"column":24},"end":{"line":6,"column":53}},"28":{"start":{"line":8,"column":2},"end":{"line":10,"column":3}},"29":{"start":{"line":9,"column":4},"end":{"line":9,"column":59}},"30":{"start":{"line":12,"column":2},"end":{"line":16,"column":156}},"31":{"start":{"line":23,"column":13},"end":{"line":37,"column":28}}},"fnMap":{"0":{"name":"ownKeys","decl":{"start":{"line":3,"column":174},"end":{"line":3,"column":181}},"loc":{"start":{"line":3,"column":206},"end":{"line":3,"column":496}},"line":3},"1":{"name":"(anonymous_1)","decl":{"start":{"line":3,"column":369},"end":{"line":3,"column":370}},"loc":{"start":{"line":3,"column":384},"end":{"line":3,"column":449}},"line":3},"2":{"name":"_objectSpread","decl":{"start":{"line":3,"column":505},"end":{"line":3,"column":518}},"loc":{"start":{"line":3,"column":527},"end":{"line":3,"column":1012}},"line":3},"3":{"name":"(anonymous_3)","decl":{"start":{"line":3,"column":668},"end":{"line":3,"column":669}},"loc":{"start":{"line":3,"column":683},"end":{"line":3,"column":741}},"line":3},"4":{"name":"(anonymous_4)","decl":{"start":{"line":3,"column":895},"end":{"line":3,"column":896}},"loc":{"start":{"line":3,"column":910},"end":{"line":3,"column":993}},"line":3},"5":{"name":"MainButton","decl":{"start":{"line":5,"column":9},"end":{"line":5,"column":19}},"loc":{"start":{"line":5,"column":27},"end":{"line":21,"column":1}},"line":5}},"branchMap":{"0":{"loc":{"start":{"line":3,"column":238},"end":{"line":3,"column":483}},"type":"if","locations":[{"start":{"line":3,"column":238},"end":{"line":3,"column":483}},{"start":{"line":3,"column":238},"end":{"line":3,"column":483}}],"line":3},"1":{"loc":{"start":{"line":3,"column":324},"end":{"line":3,"column":451}},"type":"if","locations":[{"start":{"line":3,"column":324},"end":{"line":3,"column":451}},{"start":{"line":3,"column":324},"end":{"line":3,"column":451}}],"line":3},"2":{"loc":{"start":{"line":3,"column":585},"end":{"line":3,"column":625}},"type":"cond-expr","locations":[{"start":{"line":3,"column":608},"end":{"line":3,"column":620}},{"start":{"line":3,"column":623},"end":{"line":3,"column":625}}],"line":3},"3":{"loc":{"start":{"line":3,"column":626},"end":{"line":3,"column":996}},"type":"if","locations":[{"start":{"line":3,"column":626},"end":{"line":3,"column":996}},{"start":{"line":3,"column":626},"end":{"line":3,"column":996}}],"line":3},"4":{"loc":{"start":{"line":3,"column":750},"end":{"line":3,"column":996}},"type":"if","locations":[{"start":{"line":3,"column":750},"end":{"line":3,"column":996}},{"start":{"line":3,"column":750},"end":{"line":3,"column":996}}],"line":3},"5":{"loc":{"start":{"line":8,"column":2},"end":{"line":10,"column":3}},"type":"if","locations":[{"start":{"line":8,"column":2},"end":{"line":10,"column":3}},{"start":{"line":8,"column":2},"end":{"line":10,"column":3}}],"line":8}},"s":{"0":1,"1":1,"2":1,"3":1,"4":1,"5":1,"6":1,"7":1,"8":2,"9":2,"10":2,"11":2,"12":2,"13":0,"14":2,"15":2,"16":1,"17":1,"18":3,"19":3,"20":2,"21":1,"22":1,"23":1,"24":0,"25":0,"26":1,"27":1,"28":1,"29":0,"30":1,"31":1},"f":{"0":2,"1":0,"2":1,"3":1,"4":0,"5":1},"b":{"0":[2,0],"1":[2,0],"2":[2,1],"3":[2,1],"4":[1,0],"5":[0,1]},"_coverageSchema":"43e27e138ebf9cfc5966b082cf9a028302ed4184","hash":"280dc64cd02f3cef596422f5a029be46dba1a053"}
,"C:\\sahil-git\\react-native-cli\\AwesomeProject\\constants\\Colors.js": {"path":"C:\\sahil-git\\react-native-cli\\AwesomeProject\\constants\\Colors.js","statementMap":{"0":{"start":{"line":1,"column":13},"end":{"line":1,"column":75}},"1":{"start":{"line":1,"column":75},"end":{"line":1,"column":100}},"2":{"start":{"line":1,"column":115},"end":{"line":2,"column":22}},"3":{"start":{"line":2,"column":23},"end":{"line":2,"column":50}}},"fnMap":{},"branchMap":{},"s":{"0":1,"1":1,"2":1,"3":1},"f":{},"b":{},"_coverageSchema":"43e27e138ebf9cfc5966b082cf9a028302ed4184","hash":"3a56d550454971d643ac2720f8471208d4e41e9d"}
}
