{"C:\\sahil-git\\ToDoList-ReactNative\\components\\MainButton.js": {"path":"C:\\sahil-git\\ToDoList-ReactNative\\components\\MainButton.js","statementMap":{"0":{"start":{"line":1,"column":42},"end":{"line":1,"column":97}},"1":{"start":{"line":1,"column":98},"end":{"line":1,"column":160}},"2":{"start":{"line":1,"column":160},"end":{"line":1,"column":189}},"3":{"start":{"line":1,"column":212},"end":{"line":1,"column":284}},"4":{"start":{"line":1,"column":298},"end":{"line":1,"column":338}},"5":{"start":{"line":2,"column":19},"end":{"line":2,"column":42}},"6":{"start":{"line":3,"column":14},"end":{"line":3,"column":68}},"7":{"start":{"line":3,"column":88},"end":{"line":3,"column":152}},"8":{"start":{"line":3,"column":206},"end":{"line":3,"column":225}},"9":{"start":{"line":3,"column":226},"end":{"line":3,"column":471}},"10":{"start":{"line":3,"column":275},"end":{"line":3,"column":311}},"11":{"start":{"line":3,"column":312},"end":{"line":3,"column":439}},"12":{"start":{"line":3,"column":332},"end":{"line":3,"column":439}},"13":{"start":{"line":3,"column":373},"end":{"line":3,"column":436}},"14":{"start":{"line":3,"column":439},"end":{"line":3,"column":470}},"15":{"start":{"line":3,"column":471},"end":{"line":3,"column":483}},"16":{"start":{"line":3,"column":516},"end":{"line":3,"column":985}},"17":{"start":{"line":3,"column":529},"end":{"line":3,"column":530}},"18":{"start":{"line":3,"column":573},"end":{"line":3,"column":613}},"19":{"start":{"line":3,"column":614},"end":{"line":3,"column":984}},"20":{"start":{"line":3,"column":626},"end":{"line":3,"column":731}},"21":{"start":{"line":3,"column":672},"end":{"line":3,"column":728}},"22":{"start":{"line":3,"column":738},"end":{"line":3,"column":984}},"23":{"start":{"line":3,"column":777},"end":{"line":3,"column":851}},"24":{"start":{"line":3,"column":859},"end":{"line":3,"column":983}},"25":{"start":{"line":3,"column":899},"end":{"line":3,"column":980}},"26":{"start":{"line":3,"column":985},"end":{"line":3,"column":999}},"27":{"start":{"line":6,"column":24},"end":{"line":6,"column":53}},"28":{"start":{"line":8,"column":2},"end":{"line":10,"column":3}},"29":{"start":{"line":9,"column":4},"end":{"line":9,"column":59}},"30":{"start":{"line":12,"column":2},"end":{"line":16,"column":156}},"31":{"start":{"line":23,"column":13},"end":{"line":37,"column":28}}},"fnMap":{"0":{"name":"ownKeys","decl":{"start":{"line":3,"column":162},"end":{"line":3,"column":169}},"loc":{"start":{"line":3,"column":194},"end":{"line":3,"column":484}},"line":3},"1":{"name":"(anonymous_1)","decl":{"start":{"line":3,"column":357},"end":{"line":3,"column":358}},"loc":{"start":{"line":3,"column":372},"end":{"line":3,"column":437}},"line":3},"2":{"name":"_objectSpread","decl":{"start":{"line":3,"column":493},"end":{"line":3,"column":506}},"loc":{"start":{"line":3,"column":515},"end":{"line":3,"column":1000}},"line":3},"3":{"name":"(anonymous_3)","decl":{"start":{"line":3,"column":656},"end":{"line":3,"column":657}},"loc":{"start":{"line":3,"column":671},"end":{"line":3,"column":729}},"line":3},"4":{"name":"(anonymous_4)","decl":{"start":{"line":3,"column":883},"end":{"line":3,"column":884}},"loc":{"start":{"line":3,"column":898},"end":{"line":3,"column":981}},"line":3},"5":{"name":"MainButton","decl":{"start":{"line":5,"column":9},"end":{"line":5,"column":19}},"loc":{"start":{"line":5,"column":27},"end":{"line":21,"column":1}},"line":5}},"branchMap":{"0":{"loc":{"start":{"line":3,"column":226},"end":{"line":3,"column":471}},"type":"if","locations":[{"start":{"line":3,"column":226},"end":{"line":3,"column":471}},{"start":{"line":3,"column":226},"end":{"line":3,"column":471}}],"line":3},"1":{"loc":{"start":{"line":3,"column":312},"end":{"line":3,"column":439}},"type":"if","locations":[{"start":{"line":3,"column":312},"end":{"line":3,"column":439}},{"start":{"line":3,"column":312},"end":{"line":3,"column":439}}],"line":3},"2":{"loc":{"start":{"line":3,"column":573},"end":{"line":3,"column":613}},"type":"cond-expr","locations":[{"start":{"line":3,"column":596},"end":{"line":3,"column":608}},{"start":{"line":3,"column":611},"end":{"line":3,"column":613}}],"line":3},"3":{"loc":{"start":{"line":3,"column":614},"end":{"line":3,"column":984}},"type":"if","locations":[{"start":{"line":3,"column":614},"end":{"line":3,"column":984}},{"start":{"line":3,"column":614},"end":{"line":3,"column":984}}],"line":3},"4":{"loc":{"start":{"line":3,"column":738},"end":{"line":3,"column":984}},"type":"if","locations":[{"start":{"line":3,"column":738},"end":{"line":3,"column":984}},{"start":{"line":3,"column":738},"end":{"line":3,"column":984}}],"line":3},"5":{"loc":{"start":{"line":8,"column":2},"end":{"line":10,"column":3}},"type":"if","locations":[{"start":{"line":8,"column":2},"end":{"line":10,"column":3}},{"start":{"line":8,"column":2},"end":{"line":10,"column":3}}],"line":8}},"s":{"0":1,"1":1,"2":1,"3":1,"4":1,"5":1,"6":1,"7":1,"8":0,"9":0,"10":0,"11":0,"12":0,"13":0,"14":0,"15":0,"16":0,"17":0,"18":0,"19":0,"20":0,"21":0,"22":0,"23":0,"24":0,"25":0,"26":0,"27":0,"28":0,"29":0,"30":0,"31":1},"f":{"0":0,"1":0,"2":0,"3":0,"4":0,"5":0},"b":{"0":[0,0],"1":[0,0],"2":[0,0],"3":[0,0],"4":[0,0],"5":[0,0]},"_coverageSchema":"43e27e138ebf9cfc5966b082cf9a028302ed4184","hash":"f88a49d53a17a77944ac940e871d1317e6e634eb"}
,"C:\\sahil-git\\ToDoList-ReactNative\\constants\\Colors.js": {"path":"C:\\sahil-git\\ToDoList-ReactNative\\constants\\Colors.js","statementMap":{"0":{"start":{"line":1,"column":13},"end":{"line":1,"column":75}},"1":{"start":{"line":1,"column":75},"end":{"line":1,"column":100}},"2":{"start":{"line":1,"column":115},"end":{"line":2,"column":22}},"3":{"start":{"line":2,"column":23},"end":{"line":2,"column":50}}},"fnMap":{},"branchMap":{},"s":{"0":1,"1":1,"2":1,"3":1},"f":{},"b":{},"_coverageSchema":"43e27e138ebf9cfc5966b082cf9a028302ed4184","hash":"69bec9893fec70445211107736eebb406070927d"}
,"C:\\sahil-git\\ToDoList-ReactNative\\redux\\app.actions.js": {"path":"C:\\sahil-git\\ToDoList-ReactNative\\redux\\app.actions.js","statementMap":{"0":{"start":{"line":1,"column":13},"end":{"line":1,"column":75}},"1":{"start":{"line":1,"column":75},"end":{"line":1,"column":109}},"2":{"start":{"line":1,"column":109},"end":{"line":1,"column":140}},"3":{"start":{"line":1,"column":160},"end":{"line":1,"column":175}},"4":{"start":{"line":1,"column":176},"end":{"line":1,"column":214}},"5":{"start":{"line":4,"column":2},"end":{"line":4,"column":51}}},"fnMap":{"0":{"name":"addListItem","decl":{"start":{"line":3,"column":9},"end":{"line":3,"column":20}},"loc":{"start":{"line":3,"column":30},"end":{"line":5,"column":1}},"line":3}},"branchMap":{},"s":{"0":1,"1":1,"2":1,"3":1,"4":1,"5":0},"f":{"0":0},"b":{},"_coverageSchema":"43e27e138ebf9cfc5966b082cf9a028302ed4184","hash":"0a726c0460ae2d57ea2244d66d033e57280aa086"}
,"C:\\sahil-git\\ToDoList-ReactNative\\screens\\AddItemScreen.js": {"path":"C:\\sahil-git\\ToDoList-ReactNative\\screens\\AddItemScreen.js","statementMap":{"0":{"start":{"line":1,"column":42},"end":{"line":1,"column":97}},"1":{"start":{"line":1,"column":128},"end":{"line":1,"column":184}},"2":{"start":{"line":1,"column":185},"end":{"line":1,"column":247}},"3":{"start":{"line":1,"column":247},"end":{"line":1,"column":279}},"4":{"start":{"line":1,"column":302},"end":{"line":1,"column":374}},"5":{"start":{"line":1,"column":397},"end":{"line":1,"column":468}},"6":{"start":{"line":1,"column":482},"end":{"line":1,"column":523}},"7":{"start":{"line":2,"column":19},"end":{"line":2,"column":42}},"8":{"start":{"line":3,"column":18},"end":{"line":3,"column":77}},"9":{"start":{"line":4,"column":18},"end":{"line":4,"column":40}},"10":{"start":{"line":5,"column":11},"end":{"line":5,"column":42}},"11":{"start":{"line":5,"column":62},"end":{"line":5,"column":126}},"12":{"start":{"line":5,"column":180},"end":{"line":5,"column":199}},"13":{"start":{"line":5,"column":200},"end":{"line":5,"column":445}},"14":{"start":{"line":5,"column":249},"end":{"line":5,"column":285}},"15":{"start":{"line":5,"column":286},"end":{"line":5,"column":413}},"16":{"start":{"line":5,"column":306},"end":{"line":5,"column":413}},"17":{"start":{"line":5,"column":347},"end":{"line":5,"column":410}},"18":{"start":{"line":5,"column":413},"end":{"line":5,"column":444}},"19":{"start":{"line":5,"column":445},"end":{"line":5,"column":457}},"20":{"start":{"line":5,"column":490},"end":{"line":5,"column":959}},"21":{"start":{"line":5,"column":503},"end":{"line":5,"column":504}},"22":{"start":{"line":5,"column":547},"end":{"line":5,"column":587}},"23":{"start":{"line":5,"column":588},"end":{"line":5,"column":958}},"24":{"start":{"line":5,"column":600},"end":{"line":5,"column":705}},"25":{"start":{"line":5,"column":646},"end":{"line":5,"column":702}},"26":{"start":{"line":5,"column":712},"end":{"line":5,"column":958}},"27":{"start":{"line":5,"column":751},"end":{"line":5,"column":825}},"28":{"start":{"line":5,"column":833},"end":{"line":5,"column":957}},"29":{"start":{"line":5,"column":873},"end":{"line":5,"column":954}},"30":{"start":{"line":5,"column":959},"end":{"line":5,"column":973}},"31":{"start":{"line":8,"column":2},"end":{"line":8,"column":26}},"32":{"start":{"line":8,"column":40},"end":{"line":8,"column":82}},"33":{"start":{"line":8,"column":98},"end":{"line":8,"column":111}},"34":{"start":{"line":8,"column":130},"end":{"line":8,"column":143}},"35":{"start":{"line":9,"column":2},"end":{"line":9,"column":24}},"36":{"start":{"line":9,"column":38},"end":{"line":9,"column":81}},"37":{"start":{"line":9,"column":96},"end":{"line":9,"column":109}},"38":{"start":{"line":9,"column":127},"end":{"line":9,"column":140}},"39":{"start":{"line":11,"column":17},"end":{"line":11,"column":47}},"40":{"start":{"line":13,"column":25},"end":{"line":16,"column":3}},"41":{"start":{"line":14,"column":4},"end":{"line":14,"column":31}},"42":{"start":{"line":15,"column":4},"end":{"line":15,"column":26}},"43":{"start":{"line":18,"column":26},"end":{"line":21,"column":3}},"44":{"start":{"line":19,"column":4},"end":{"line":19,"column":24}},"45":{"start":{"line":20,"column":4},"end":{"line":20,"column":26}},"46":{"start":{"line":23,"column":25},"end":{"line":30,"column":3}},"47":{"start":{"line":24,"column":4},"end":{"line":27,"column":5}},"48":{"start":{"line":25,"column":6},"end":{"line":25,"column":27}},"49":{"start":{"line":26,"column":6},"end":{"line":26,"column":13}},"50":{"start":{"line":28,"column":4},"end":{"line":28,"column":50}},"51":{"start":{"line":29,"column":4},"end":{"line":29,"column":53}},"52":{"start":{"line":32,"column":20},"end":{"line":32,"column":37}},"53":{"start":{"line":34,"column":2},"end":{"line":36,"column":3}},"54":{"start":{"line":35,"column":4},"end":{"line":35,"column":41}},"55":{"start":{"line":38,"column":2},"end":{"line":54,"column":177}},"56":{"start":{"line":60,"column":13},"end":{"line":89,"column":30}}},"fnMap":{"0":{"name":"ownKeys","decl":{"start":{"line":5,"column":136},"end":{"line":5,"column":143}},"loc":{"start":{"line":5,"column":168},"end":{"line":5,"column":458}},"line":5},"1":{"name":"(anonymous_1)","decl":{"start":{"line":5,"column":331},"end":{"line":5,"column":332}},"loc":{"start":{"line":5,"column":346},"end":{"line":5,"column":411}},"line":5},"2":{"name":"_objectSpread","decl":{"start":{"line":5,"column":467},"end":{"line":5,"column":480}},"loc":{"start":{"line":5,"column":489},"end":{"line":5,"column":974}},"line":5},"3":{"name":"(anonymous_3)","decl":{"start":{"line":5,"column":630},"end":{"line":5,"column":631}},"loc":{"start":{"line":5,"column":645},"end":{"line":5,"column":703}},"line":5},"4":{"name":"(anonymous_4)","decl":{"start":{"line":5,"column":857},"end":{"line":5,"column":858}},"loc":{"start":{"line":5,"column":872},"end":{"line":5,"column":955}},"line":5},"5":{"name":"AddItemScreen","decl":{"start":{"line":7,"column":9},"end":{"line":7,"column":22}},"loc":{"start":{"line":7,"column":30},"end":{"line":58,"column":1}},"line":7},"6":{"name":"itemInputHandler","decl":{"start":{"line":13,"column":34},"end":{"line":13,"column":50}},"loc":{"start":{"line":13,"column":62},"end":{"line":16,"column":3}},"line":13},"7":{"name":"resetInputHandler","decl":{"start":{"line":18,"column":35},"end":{"line":18,"column":52}},"loc":{"start":{"line":18,"column":55},"end":{"line":21,"column":3}},"line":18},"8":{"name":"onAddItemHandler","decl":{"start":{"line":23,"column":34},"end":{"line":23,"column":50}},"loc":{"start":{"line":23,"column":53},"end":{"line":30,"column":3}},"line":23}},"branchMap":{"0":{"loc":{"start":{"line":5,"column":200},"end":{"line":5,"column":445}},"type":"if","locations":[{"start":{"line":5,"column":200},"end":{"line":5,"column":445}},{"start":{"line":5,"column":200},"end":{"line":5,"column":445}}],"line":5},"1":{"loc":{"start":{"line":5,"column":286},"end":{"line":5,"column":413}},"type":"if","locations":[{"start":{"line":5,"column":286},"end":{"line":5,"column":413}},{"start":{"line":5,"column":286},"end":{"line":5,"column":413}}],"line":5},"2":{"loc":{"start":{"line":5,"column":547},"end":{"line":5,"column":587}},"type":"cond-expr","locations":[{"start":{"line":5,"column":570},"end":{"line":5,"column":582}},{"start":{"line":5,"column":585},"end":{"line":5,"column":587}}],"line":5},"3":{"loc":{"start":{"line":5,"column":588},"end":{"line":5,"column":958}},"type":"if","locations":[{"start":{"line":5,"column":588},"end":{"line":5,"column":958}},{"start":{"line":5,"column":588},"end":{"line":5,"column":958}}],"line":5},"4":{"loc":{"start":{"line":5,"column":712},"end":{"line":5,"column":958}},"type":"if","locations":[{"start":{"line":5,"column":712},"end":{"line":5,"column":958}},{"start":{"line":5,"column":712},"end":{"line":5,"column":958}}],"line":5},"5":{"loc":{"start":{"line":24,"column":4},"end":{"line":27,"column":5}},"type":"if","locations":[{"start":{"line":24,"column":4},"end":{"line":27,"column":5}},{"start":{"line":24,"column":4},"end":{"line":27,"column":5}}],"line":24},"6":{"loc":{"start":{"line":34,"column":2},"end":{"line":36,"column":3}},"type":"if","locations":[{"start":{"line":34,"column":2},"end":{"line":36,"column":3}},{"start":{"line":34,"column":2},"end":{"line":36,"column":3}}],"line":34},"7":{"loc":{"start":{"line":51,"column":4},"end":{"line":51,"column":181}},"type":"cond-expr","locations":[{"start":{"line":51,"column":18},"end":{"line":51,"column":174}},{"start":{"line":51,"column":177},"end":{"line":51,"column":181}}],"line":51}},"s":{"0":1,"1":1,"2":1,"3":1,"4":1,"5":1,"6":1,"7":1,"8":1,"9":1,"10":1,"11":1,"12":0,"13":0,"14":0,"15":0,"16":0,"17":0,"18":0,"19":0,"20":0,"21":0,"22":0,"23":0,"24":0,"25":0,"26":0,"27":0,"28":0,"29":0,"30":0,"31":1,"32":1,"33":1,"34":1,"35":1,"36":1,"37":1,"38":1,"39":1,"40":0,"41":0,"42":0,"43":0,"44":0,"45":0,"46":0,"47":0,"48":0,"49":0,"50":0,"51":0,"52":0,"53":0,"54":0,"55":0,"56":1},"f":{"0":0,"1":0,"2":0,"3":0,"4":0,"5":1,"6":0,"7":0,"8":0},"b":{"0":[0,0],"1":[0,0],"2":[0,0],"3":[0,0],"4":[0,0],"5":[0,0],"6":[0,0],"7":[0,0]},"_coverageSchema":"43e27e138ebf9cfc5966b082cf9a028302ed4184","hash":"79f704cb04a9464ef0c1cd4355cd8bc32cfe7d77"}
}
