TN:
SF:C:\sahil-git\ToDoList-ReactNative\components\MainButton.js
FN:3,ownKeys
FN:3,(anonymous_1)
FN:3,_objectSpread
FN:3,(anonymous_3)
FN:3,(anonymous_4)
FN:5,MainButton
FNF:6
FNH:4
FNDA:2,ownKeys
FNDA:0,(anonymous_1)
FNDA:1,_objectSpread
FNDA:1,(anonymous_3)
FNDA:0,(anonymous_4)
FNDA:1,MainButton
DA:1,4
DA:2,4
DA:3,4
DA:6,1
DA:8,1
DA:9,0
DA:12,1
DA:23,4
LF:8
LH:7
BRDA:3,0,0,2
BRDA:3,0,1,0
BRDA:3,1,0,2
BRDA:3,1,1,0
BRDA:3,2,0,2
BRDA:3,2,1,1
BRDA:3,3,0,2
BRDA:3,3,1,1
BRDA:3,4,0,1
BRDA:3,4,1,0
BRDA:8,5,0,0
BRDA:8,5,1,1
BRF:12
BRH:8
end_of_record
TN:
SF:C:\sahil-git\ToDoList-ReactNative\constants\Colors.js
FNF:0
FNH:0
DA:1,4
DA:2,4
LF:2
LH:2
BRF:0
BRH:0
end_of_record
TN:
SF:C:\sahil-git\ToDoList-ReactNative\redux\app.actions.js
FN:4,addListItem
FN:8,getListItems
FNF:2
FNH:0
FNDA:0,addListItem
FNDA:0,getListItems
DA:1,2
DA:2,2
DA:5,0
DA:9,0
LF:4
LH:2
BRF:0
BRH:0
end_of_record
TN:
SF:C:\sahil-git\ToDoList-ReactNative\screens\AddItemScreen.js
FN:5,ownKeys
FN:5,(anonymous_1)
FN:5,_objectSpread
FN:5,(anonymous_3)
FN:5,(anonymous_4)
FN:7,AddItemScreen
FN:11,itemInputHandler
FN:16,resetInputHandler
FN:21,onAddItemHandler
FN:21,onAddItemHandler$
FN:100,mapDisptchToProps
FN:101,addItem
FNF:12
FNH:4
FNDA:2,ownKeys
FNDA:0,(anonymous_1)
FNDA:1,_objectSpread
FNDA:7,(anonymous_3)
FNDA:0,(anonymous_4)
FNDA:1,AddItemScreen
FNDA:0,itemInputHandler
FNDA:0,resetInputHandler
FNDA:0,onAddItemHandler
FNDA:0,onAddItemHandler$
FNDA:0,mapDisptchToProps
FNDA:0,addItem
DA:1,1
DA:2,1
DA:3,1
DA:4,1
DA:5,7
DA:7,1
DA:8,1
DA:9,1
DA:11,1
DA:12,0
DA:13,0
DA:16,1
DA:17,0
DA:18,0
DA:21,1
DA:22,0
DA:23,0
DA:26,0
DA:34,0
DA:37,0
DA:40,1
DA:42,1
DA:43,1
DA:46,1
DA:66,1
DA:68,1
DA:100,1
DA:102,0
DA:105,1
LF:29
LH:19
BRDA:5,0,0,2
BRDA:5,0,1,0
BRDA:5,1,0,2
BRDA:5,1,1,0
BRDA:5,2,0,3
BRDA:5,2,1,0
BRDA:5,3,0,2
BRDA:5,3,1,1
BRDA:5,4,0,1
BRDA:5,4,1,0
BRDA:21,5,0,0
BRDA:21,5,1,0
BRDA:21,5,2,0
BRDA:21,5,3,0
BRDA:21,5,4,0
BRDA:21,5,5,0
BRDA:21,6,0,0
BRDA:21,6,1,0
BRDA:42,7,0,1
BRDA:42,7,1,0
BRDA:59,8,0,0
BRDA:59,8,1,1
BRF:22
BRH:8
end_of_record
TN:
SF:C:\sahil-git\ToDoList-ReactNative\screens\MainScreen.js
FN:8,Item
FN:16,MainScreen
FN:29,onPressHandler
FN:41,renderItem
FN:42,keyExtractor
FN:48,onPress
FN:96,mapStateToProps
FN:97,mapDispatchToProps
FN:98,getData
FNF:9
FNH:3
FNDA:1,Item
FNDA:2,MainScreen
FNDA:1,onPressHandler
FNDA:0,renderItem
FNDA:0,keyExtractor
FNDA:0,onPress
FNDA:0,mapStateToProps
FNDA:0,mapDispatchToProps
FNDA:0,getData
DA:1,1
DA:2,1
DA:3,1
DA:4,1
DA:5,1
DA:6,1
DA:8,1
DA:9,1
DA:14,1
DA:16,1
DA:17,2
DA:18,2
DA:19,2
DA:22,2
DA:23,2
DA:24,2
DA:25,1
DA:26,1
DA:29,2
DA:30,1
DA:33,2
DA:41,0
DA:42,0
DA:48,0
DA:55,1
DA:57,1
DA:96,1
DA:97,1
DA:99,0
DA:103,1
LF:30
LH:26
BRDA:24,0,0,1
BRDA:24,0,1,1
BRF:2
BRH:2
end_of_record
TN:
SF:C:\sahil-git\ToDoList-ReactNative\screens\WelcomeScreen.js
FN:6,WelcomeScreen
FN:7,goToMainScreen
FNF:2
FNH:2
FNDA:1,WelcomeScreen
FNDA:1,goToMainScreen
DA:1,1
DA:2,1
DA:3,1
DA:4,1
DA:6,1
DA:7,1
DA:8,1
DA:11,1
DA:21,1
DA:23,1
DA:47,1
LF:11
LH:11
BRF:0
BRH:0
end_of_record
