TN:
SF:C:\sahil-git\react-native-cli\AwesomeProject\components\MainButton.js
FN:3,ownKeys
FN:3,(anonymous_1)
FN:3,_objectSpread
FN:3,(anonymous_3)
FN:3,(anonymous_4)
FN:5,MainButton
FNF:6
FNH:4
FNDA:2,ownKeys
FNDA:0,(anonymous_1)
FNDA:1,_objectSpread
FNDA:1,(anonymous_3)
FNDA:0,(anonymous_4)
FNDA:1,MainButton
DA:1,1
DA:2,1
DA:3,3
DA:6,1
DA:8,1
DA:9,0
DA:12,1
DA:23,1
LF:8
LH:7
BRDA:3,0,0,2
BRDA:3,0,1,0
BRDA:3,1,0,2
BRDA:3,1,1,0
BRDA:3,2,0,2
BRDA:3,2,1,1
BRDA:3,3,0,2
BRDA:3,3,1,1
BRDA:3,4,0,1
BRDA:3,4,1,0
BRDA:8,5,0,0
BRDA:8,5,1,1
BRF:12
BRH:8
end_of_record
TN:
SF:C:\sahil-git\react-native-cli\AwesomeProject\constants\Colors.js
FNF:0
FNH:0
DA:1,1
DA:2,1
LF:2
LH:2
BRF:0
BRH:0
end_of_record
